<?xml version="1.0" encoding="UTF-8"?>
<coverage generated="1767862096558" clover="3.2.0">
  <project timestamp="1767862096559" name="All files">
    <metrics statements="199" coveredstatements="92" conditionals="76" coveredconditionals="23" methods="38" coveredmethods="7" elements="313" coveredelements="122" complexity="0" loc="199" ncloc="199" packages="9" files="14" classes="14"/>
    <package name="prisma.generated">
      <metrics statements="4" coveredstatements="4" conditionals="0" coveredconditionals="0" methods="0" coveredmethods="0"/>
      <file name="client.ts" path="/Users/juno/Documents/GitHub/nb04-liv-it-team01-back/prisma/generated/client.ts">
        <metrics statements="2" coveredstatements="2" conditionals="0" coveredconditionals="0" methods="0" coveredmethods="0"/>
        <line num="16" count="1" type="stmt"/>
        <line num="38" count="1" type="stmt"/>
      </file>
      <file name="enums.ts" path="/Users/juno/Documents/GitHub/nb04-liv-it-team01-back/prisma/generated/enums.ts">
        <metrics statements="2" coveredstatements="2" conditionals="0" coveredconditionals="0" methods="0" coveredmethods="0"/>
        <line num="12" count="1" type="stmt"/>
        <line num="21" count="1" type="stmt"/>
      </file>
    </package>
    <package name="prisma.generated.internal">
      <metrics statements="36" coveredstatements="30" conditionals="0" coveredconditionals="0" methods="4" coveredmethods="1"/>
      <file name="class.ts" path="/Users/juno/Documents/GitHub/nb04-liv-it-team01-back/prisma/generated/internal/class.ts">
        <metrics statements="10" coveredstatements="4" conditionals="0" coveredconditionals="0" methods="4" coveredmethods="1"/>
        <line num="18" count="1" type="stmt"/>
        <line num="31" count="1" type="stmt"/>
        <line num="34" count="0" type="stmt"/>
        <line num="35" count="0" type="stmt"/>
        <line num="36" count="0" type="stmt"/>
        <line num="39" count="1" type="stmt"/>
        <line num="40" count="0" type="stmt"/>
        <line num="43" count="0" type="stmt"/>
        <line num="44" count="0" type="stmt"/>
        <line num="209" count="1" type="stmt"/>
      </file>
      <file name="prismaNamespace.ts" path="/Users/juno/Documents/GitHub/nb04-liv-it-team01-back/prisma/generated/internal/prismaNamespace.ts">
        <metrics statements="26" coveredstatements="26" conditionals="0" coveredconditionals="0" methods="0" coveredmethods="0"/>
        <line num="32" count="1" type="stmt"/>
        <line num="35" count="1" type="stmt"/>
        <line num="38" count="1" type="stmt"/>
        <line num="41" count="1" type="stmt"/>
        <line num="44" count="1" type="stmt"/>
        <line num="50" count="1" type="stmt"/>
        <line num="51" count="1" type="stmt"/>
        <line num="52" count="1" type="stmt"/>
        <line num="53" count="1" type="stmt"/>
        <line num="54" count="1" type="stmt"/>
        <line num="62" count="1" type="stmt"/>
        <line num="71" count="1" type="stmt"/>
        <line num="86" count="1" type="stmt"/>
        <line num="104" count="1" type="stmt"/>
        <line num="114" count="1" type="stmt"/>
        <line num="121" count="1" type="stmt"/>
        <line num="128" count="1" type="stmt"/>
        <line num="386" count="1" type="stmt"/>
        <line num="660" count="1" type="stmt"/>
        <line num="670" count="1" type="stmt"/>
        <line num="688" count="1" type="stmt"/>
        <line num="708" count="1" type="stmt"/>
        <line num="723" count="1" type="stmt"/>
        <line num="731" count="1" type="stmt"/>
        <line num="739" count="1" type="stmt"/>
        <line num="850" count="1" type="stmt"/>
      </file>
    </package>
    <package name="src.features.user.admins">
      <metrics statements="59" coveredstatements="15" conditionals="24" coveredconditionals="4" methods="17" coveredmethods="2"/>
      <file name="admins.repository.ts" path="/Users/juno/Documents/GitHub/nb04-liv-it-team01-back/src/features/user/admins/admins.repository.ts">
        <metrics statements="27" coveredstatements="0" conditionals="14" coveredconditionals="0" methods="10" coveredmethods="0"/>
        <line num="20" count="0" type="stmt"/>
        <line num="21" count="0" type="stmt"/>
        <line num="29" count="0" type="stmt"/>
        <line num="31" count="0" type="stmt"/>
        <line num="33" count="0" type="cond" truecount="0" falsecount="2"/>
        <line num="35" count="0" type="stmt"/>
        <line num="39" count="0" type="stmt"/>
        <line num="41" count="0" type="stmt"/>
        <line num="42" count="0" type="stmt"/>
        <line num="76" count="0" type="stmt"/>
        <line num="78" count="0" type="stmt"/>
        <line num="79" count="0" type="stmt"/>
        <line num="86" count="0" type="stmt"/>
        <line num="88" count="0" type="stmt"/>
        <line num="89" count="0" type="stmt"/>
        <line num="94" count="0" type="stmt"/>
        <line num="96" count="0" type="stmt"/>
        <line num="97" count="0" type="stmt"/>
        <line num="100" count="0" type="stmt"/>
        <line num="102" count="0" type="stmt"/>
        <line num="103" count="0" type="stmt"/>
        <line num="108" count="0" type="stmt"/>
        <line num="110" count="0" type="stmt"/>
        <line num="111" count="0" type="stmt"/>
        <line num="152" count="0" type="stmt"/>
        <line num="155" count="0" type="stmt"/>
        <line num="156" count="0" type="stmt"/>
      </file>
      <file name="admins.service.ts" path="/Users/juno/Documents/GitHub/nb04-liv-it-team01-back/src/features/user/admins/admins.service.ts">
        <metrics statements="32" coveredstatements="15" conditionals="10" coveredconditionals="4" methods="7" coveredmethods="2"/>
        <line num="13" count="3" type="stmt"/>
        <line num="15" count="3" type="stmt"/>
        <line num="16" count="3" type="stmt"/>
        <line num="17" count="3" type="stmt"/>
        <line num="18" count="3" type="cond" truecount="2" falsecount="0"/>
        <line num="19" count="1" type="stmt"/>
        <line num="23" count="2" type="stmt"/>
        <line num="24" count="2" type="cond" truecount="2" falsecount="0"/>
        <line num="25" count="1" type="stmt"/>
        <line num="30" count="1" type="stmt"/>
        <line num="31" count="1" type="stmt"/>
        <line num="39" count="1" type="stmt"/>
        <line num="41" count="3" type="stmt"/>
        <line num="42" count="0" type="stmt"/>
        <line num="43" count="0" type="stmt"/>
        <line num="44" count="0" type="stmt"/>
        <line num="46" count="0" type="cond" truecount="0" falsecount="2"/>
        <line num="56" count="0" type="stmt"/>
        <line num="62" count="0" type="stmt"/>
        <line num="87" count="0" type="stmt"/>
        <line num="88" count="0" type="stmt"/>
        <line num="89" count="0" type="stmt"/>
        <line num="98" count="3" type="stmt"/>
        <line num="103" count="0" type="stmt"/>
        <line num="104" count="0" type="stmt"/>
        <line num="105" count="0" type="stmt"/>
        <line num="106" count="0" type="stmt"/>
        <line num="131" count="0" type="stmt"/>
        <line num="132" count="0" type="stmt"/>
        <line num="133" count="0" type="stmt"/>
        <line num="142" count="3" type="stmt"/>
        <line num="143" count="0" type="stmt"/>
      </file>
    </package>
    <package name="src.features.user.admins.id">
      <metrics statements="57" coveredstatements="21" conditionals="38" coveredconditionals="12" methods="11" coveredmethods="3"/>
      <file name="admin-id.repo.ts" path="/Users/juno/Documents/GitHub/nb04-liv-it-team01-back/src/features/user/admins/id/admin-id.repo.ts">
        <metrics statements="31" coveredstatements="5" conditionals="20" coveredconditionals="0" methods="7" coveredmethods="1"/>
        <line num="5" count="1" type="stmt"/>
        <line num="6" count="0" type="cond" truecount="0" falsecount="4"/>
        <line num="8" count="0" type="stmt"/>
        <line num="10" count="0" type="stmt"/>
        <line num="12" count="0" type="stmt"/>
        <line num="14" count="0" type="stmt"/>
        <line num="19" count="1" type="stmt"/>
        <line num="20" count="0" type="stmt"/>
        <line num="21" count="0" type="stmt"/>
        <line num="22" count="0" type="stmt"/>
        <line num="23" count="0" type="stmt"/>
        <line num="24" count="0" type="stmt"/>
        <line num="26" count="1" type="stmt"/>
        <line num="27" count="0" type="stmt"/>
        <line num="28" count="0" type="cond" truecount="0" falsecount="2"/>
        <line num="29" count="0" type="stmt"/>
        <line num="34" count="0" type="cond" truecount="0" falsecount="4"/>
        <line num="35" count="0" type="stmt"/>
        <line num="36" count="0" type="stmt"/>
        <line num="42" count="0" type="stmt"/>
        <line num="49" count="0" type="stmt"/>
        <line num="52" count="1" type="stmt"/>
        <line num="53" count="0" type="stmt"/>
        <line num="54" count="0" type="cond" truecount="0" falsecount="2"/>
        <line num="55" count="0" type="cond" truecount="0" falsecount="2"/>
        <line num="56" count="0" type="stmt"/>
        <line num="66" count="0" type="stmt"/>
        <line num="68" count="1" type="stmt"/>
        <line num="69" count="0" type="stmt"/>
        <line num="70" count="0" type="stmt"/>
        <line num="73" count="0" type="stmt"/>
      </file>
      <file name="admin-id.service.ts" path="/Users/juno/Documents/GitHub/nb04-liv-it-team01-back/src/features/user/admins/id/admin-id.service.ts">
        <metrics statements="26" coveredstatements="16" conditionals="18" coveredconditionals="12" methods="4" coveredmethods="2"/>
        <line num="14" count="1" type="stmt"/>
        <line num="16" count="2" type="stmt"/>
        <line num="17" count="2" type="stmt"/>
        <line num="21" count="2" type="stmt"/>
        <line num="22" count="2" type="stmt"/>
        <line num="23" count="2" type="stmt"/>
        <line num="24" count="2" type="stmt"/>
        <line num="25" count="2" type="cond" truecount="2" falsecount="0"/>
        <line num="26" count="1" type="cond" truecount="2" falsecount="0"/>
        <line num="27" count="1" type="stmt"/>
        <line num="28" count="1" type="cond" truecount="1" falsecount="1"/>
        <line num="29" count="0" type="cond" truecount="0" falsecount="2"/>
        <line num="31" count="0" type="stmt"/>
        <line num="34" count="0" type="cond" truecount="0" falsecount="2"/>
        <line num="35" count="0" type="stmt"/>
        <line num="36" count="0" type="stmt"/>
        <line num="38" count="0" type="stmt"/>
        <line num="41" count="1" type="stmt"/>
        <line num="49" count="1" type="stmt"/>
        <line num="50" count="1" type="stmt"/>
        <line num="53" count="2" type="stmt"/>
        <line num="57" count="0" type="stmt"/>
        <line num="58" count="0" type="stmt"/>
        <line num="60" count="2" type="stmt"/>
        <line num="61" count="0" type="stmt"/>
        <line num="62" count="0" type="stmt"/>
      </file>
    </package>
    <package name="src.lib">
      <metrics statements="10" coveredstatements="10" conditionals="6" coveredconditionals="5" methods="0" coveredmethods="0"/>
      <file name="constants.ts" path="/Users/juno/Documents/GitHub/nb04-liv-it-team01-back/src/lib/constants.ts">
        <metrics statements="7" coveredstatements="7" conditionals="6" coveredconditionals="5" methods="0" coveredmethods="0"/>
        <line num="3" count="1" type="stmt"/>
        <line num="5" count="1" type="stmt"/>
        <line num="6" count="1" type="cond" truecount="1" falsecount="1"/>
        <line num="8" count="1" type="cond" truecount="2" falsecount="0"/>
        <line num="10" count="1" type="cond" truecount="2" falsecount="0"/>
        <line num="11" count="1" type="stmt"/>
        <line num="12" count="1" type="stmt"/>
      </file>
      <file name="prisma.ts" path="/Users/juno/Documents/GitHub/nb04-liv-it-team01-back/src/lib/prisma.ts">
        <metrics statements="3" coveredstatements="3" conditionals="0" coveredconditionals="0" methods="0" coveredmethods="0"/>
        <line num="6" count="1" type="stmt"/>
        <line num="8" count="1" type="stmt"/>
        <line num="9" count="1" type="stmt"/>
      </file>
    </package>
    <package name="src.lib.middleware">
      <metrics statements="16" coveredstatements="1" conditionals="6" coveredconditionals="2" methods="2" coveredmethods="0"/>
      <file name="S3.Client.ts" path="/Users/juno/Documents/GitHub/nb04-liv-it-team01-back/src/lib/middleware/S3.Client.ts">
        <metrics statements="16" coveredstatements="1" conditionals="6" coveredconditionals="2" methods="2" coveredmethods="0"/>
        <line num="7" count="1" type="stmt"/>
        <line num="16" count="0" type="stmt"/>
        <line num="17" count="0" type="stmt"/>
        <line num="19" count="0" type="stmt"/>
        <line num="21" count="0" type="stmt"/>
        <line num="26" count="0" type="stmt"/>
        <line num="28" count="0" type="stmt"/>
        <line num="29" count="0" type="stmt"/>
        <line num="31" count="0" type="stmt"/>
        <line num="32" count="0" type="stmt"/>
        <line num="36" count="0" type="stmt"/>
        <line num="37" count="0" type="stmt"/>
        <line num="40" count="0" type="stmt"/>
        <line num="44" count="0" type="stmt"/>
        <line num="45" count="0" type="stmt"/>
        <line num="47" count="0" type="stmt"/>
      </file>
    </package>
    <package name="src.lib.middleware.error.middleware">
      <metrics statements="3" coveredstatements="3" conditionals="0" coveredconditionals="0" methods="1" coveredmethods="1"/>
      <file name="httpError.ts" path="/Users/juno/Documents/GitHub/nb04-liv-it-team01-back/src/lib/middleware/error.middleware/httpError.ts">
        <metrics statements="3" coveredstatements="3" conditionals="0" coveredconditionals="0" methods="1" coveredmethods="1"/>
        <line num="6" count="3" type="stmt"/>
        <line num="7" count="3" type="stmt"/>
        <line num="8" count="3" type="stmt"/>
      </file>
    </package>
    <package name="src.lib.passport">
      <metrics statements="11" coveredstatements="5" conditionals="2" coveredconditionals="0" methods="3" coveredmethods="0"/>
      <file name="jwt-strategy.ts" path="/Users/juno/Documents/GitHub/nb04-liv-it-team01-back/src/lib/passport/jwt-strategy.ts">
        <metrics statements="11" coveredstatements="5" conditionals="2" coveredconditionals="0" methods="3" coveredmethods="0"/>
        <line num="17" count="1" type="stmt"/>
        <line num="18" count="0" type="stmt"/>
        <line num="21" count="1" type="stmt"/>
        <line num="22" count="0" type="stmt"/>
        <line num="26" count="1" type="stmt"/>
        <line num="28" count="0" type="stmt"/>
        <line num="31" count="0" type="cond" truecount="0" falsecount="2"/>
        <line num="32" count="0" type="stmt"/>
        <line num="34" count="0" type="stmt"/>
        <line num="37" count="1" type="stmt"/>
        <line num="42" count="1" type="stmt"/>
      </file>
    </package>
    <package name="src.test.users.admin">
      <metrics statements="3" coveredstatements="3" conditionals="0" coveredconditionals="0" methods="0" coveredmethods="0"/>
      <file name="admins.data.ts" path="/Users/juno/Documents/GitHub/nb04-liv-it-team01-back/src/test/users/admin/admins.data.ts">
        <metrics statements="3" coveredstatements="3" conditionals="0" coveredconditionals="0" methods="0" coveredmethods="0"/>
        <line num="4" count="1" type="stmt"/>
        <line num="16" count="1" type="stmt"/>
        <line num="86" count="1" type="stmt"/>
      </file>
    </package>
  </project>
</coverage>
