{"/Users/juno/Documents/GitHub/nb04-liv-it-team01-back/prisma/generated/client.ts": {"path":"/Users/juno/Documents/GitHub/nb04-liv-it-team01-back/prisma/generated/client.ts","statementMap":{"0":{"start":{"line":16,"column":0},"end":{"line":16,"column":null}},"1":{"start":{"line":38,"column":28},"end":{"line":38,"column":57}}},"fnMap":{},"branchMap":{},"s":{"0":1,"1":1},"f":{},"b":{}}
,"/Users/juno/Documents/GitHub/nb04-liv-it-team01-back/prisma/generated/enums.ts": {"path":"/Users/juno/Documents/GitHub/nb04-liv-it-team01-back/prisma/generated/enums.ts","statementMap":{"0":{"start":{"line":12,"column":20},"end":{"line":16,"column":null}},"1":{"start":{"line":21,"column":26},"end":{"line":25,"column":null}}},"fnMap":{},"branchMap":{},"s":{"0":1,"1":1},"f":{},"b":{}}
,"/Users/juno/Documents/GitHub/nb04-liv-it-team01-back/prisma/generated/internal/class.ts": {"path":"/Users/juno/Documents/GitHub/nb04-liv-it-team01-back/prisma/generated/internal/class.ts","statementMap":{"0":{"start":{"line":18,"column":46},"end":{"line":29,"column":null}},"1":{"start":{"line":31,"column":0},"end":{"line":31,"column":null}},"2":{"start":{"line":34,"column":21},"end":{"line":34,"column":48}},"3":{"start":{"line":35,"column":20},"end":{"line":35,"column":53}},"4":{"start":{"line":36,"column":2},"end":{"line":36,"column":null}},"5":{"start":{"line":39,"column":0},"end":{"line":46,"column":null}},"6":{"start":{"line":40,"column":26},"end":{"line":40,"column":97}},"7":{"start":{"line":43,"column":21},"end":{"line":43,"column":104}},"8":{"start":{"line":44,"column":4},"end":{"line":44,"column":null}},"9":{"start":{"line":209,"column":2},"end":{"line":209,"column":null}}},"fnMap":{"0":{"name":"decodeBase64AsWasm","decl":{"start":{"line":33,"column":15},"end":{"line":33,"column":33}},"loc":{"start":{"line":33,"column":52},"end":{"line":37,"column":1}}},"1":{"name":"(anonymous_1)","decl":{"start":{"line":40,"column":14},"end":{"line":40,"column":19}},"loc":{"start":{"line":40,"column":26},"end":{"line":40,"column":97}}},"2":{"name":"(anonymous_2)","decl":{"start":{"line":42,"column":30},"end":{"line":42,"column":35}},"loc":{"start":{"line":42,"column":41},"end":{"line":45,"column":3}}},"3":{"name":"getPrismaClientClass","decl":{"start":{"line":208,"column":16},"end":{"line":208,"column":36}},"loc":{"start":{"line":208,"column":36},"end":{"line":210,"column":1}}}},"branchMap":{},"s":{"0":1,"1":1,"2":0,"3":0,"4":0,"5":1,"6":0,"7":0,"8":0,"9":1},"f":{"0":0,"1":0,"2":0,"3":1},"b":{}}
,"/Users/juno/Documents/GitHub/nb04-liv-it-team01-back/prisma/generated/internal/prismaNamespace.ts": {"path":"/Users/juno/Documents/GitHub/nb04-liv-it-team01-back/prisma/generated/internal/prismaNamespace.ts","statementMap":{"0":{"start":{"line":32,"column":45},"end":{"line":32,"column":82}},"1":{"start":{"line":35,"column":47},"end":{"line":35,"column":86}},"2":{"start":{"line":38,"column":42},"end":{"line":38,"column":76}},"3":{"start":{"line":41,"column":47},"end":{"line":41,"column":86}},"4":{"start":{"line":44,"column":43},"end":{"line":44,"column":78}},"5":{"start":{"line":50,"column":19},"end":{"line":50,"column":33}},"6":{"start":{"line":51,"column":21},"end":{"line":51,"column":34}},"7":{"start":{"line":52,"column":20},"end":{"line":52,"column":32}},"8":{"start":{"line":53,"column":19},"end":{"line":53,"column":30}},"9":{"start":{"line":54,"column":19},"end":{"line":54,"column":30}},"10":{"start":{"line":62,"column":23},"end":{"line":62,"column":38}},"11":{"start":{"line":71,"column":35},"end":{"line":71,"column":73}},"12":{"start":{"line":86,"column":44},"end":{"line":89,"column":null}},"13":{"start":{"line":104,"column":25},"end":{"line":108,"column":null}},"14":{"start":{"line":114,"column":22},"end":{"line":114,"column":36}},"15":{"start":{"line":121,"column":24},"end":{"line":121,"column":40}},"16":{"start":{"line":128,"column":23},"end":{"line":128,"column":38}},"17":{"start":{"line":386,"column":25},"end":{"line":390,"column":null}},"18":{"start":{"line":660,"column":41},"end":{"line":665,"column":11}},"19":{"start":{"line":670,"column":40},"end":{"line":683,"column":null}},"20":{"start":{"line":688,"column":35},"end":{"line":703,"column":null}},"21":{"start":{"line":708,"column":39},"end":{"line":718,"column":null}},"22":{"start":{"line":723,"column":25},"end":{"line":726,"column":null}},"23":{"start":{"line":731,"column":25},"end":{"line":734,"column":null}},"24":{"start":{"line":739,"column":26},"end":{"line":742,"column":null}},"25":{"start":{"line":850,"column":31},"end":{"line":850,"column":175}}},"fnMap":{},"branchMap":{},"s":{"0":1,"1":1,"2":1,"3":1,"4":1,"5":1,"6":1,"7":1,"8":1,"9":1,"10":1,"11":1,"12":1,"13":1,"14":1,"15":1,"16":1,"17":1,"18":1,"19":1,"20":1,"21":1,"22":1,"23":1,"24":1,"25":1},"f":{},"b":{}}
,"/Users/juno/Documents/GitHub/nb04-liv-it-team01-back/src/features/user/admins/admins.repository.ts": {"path":"/Users/juno/Documents/GitHub/nb04-liv-it-team01-back/src/features/user/admins/admins.repository.ts","statementMap":{"0":{"start":{"line":20,"column":21},"end":{"line":30,"column":3}},"1":{"start":{"line":21,"column":19},"end":{"line":28,"column":6}},"2":{"start":{"line":29,"column":4},"end":{"line":29,"column":18}},"3":{"start":{"line":31,"column":15},"end":{"line":40,"column":3}},"4":{"start":{"line":33,"column":6},"end":{"line":33,"column":75}},"5":{"start":{"line":35,"column":19},"end":{"line":38,"column":6}},"6":{"start":{"line":39,"column":4},"end":{"line":39,"column":18}},"7":{"start":{"line":41,"column":13},"end":{"line":77,"column":3}},"8":{"start":{"line":42,"column":19},"end":{"line":75,"column":6}},"9":{"start":{"line":76,"column":4},"end":{"line":76,"column":18}},"10":{"start":{"line":78,"column":10},"end":{"line":87,"column":3}},"11":{"start":{"line":79,"column":19},"end":{"line":85,"column":6}},"12":{"start":{"line":86,"column":4},"end":{"line":86,"column":18}},"13":{"start":{"line":88,"column":13},"end":{"line":95,"column":3}},"14":{"start":{"line":89,"column":19},"end":{"line":93,"column":6}},"15":{"start":{"line":94,"column":4},"end":{"line":94,"column":18}},"16":{"start":{"line":96,"column":19},"end":{"line":101,"column":3}},"17":{"start":{"line":97,"column":21},"end":{"line":99,"column":6}},"18":{"start":{"line":100,"column":4},"end":{"line":100,"column":20}},"19":{"start":{"line":102,"column":16},"end":{"line":109,"column":3}},"20":{"start":{"line":103,"column":22},"end":{"line":107,"column":6}},"21":{"start":{"line":108,"column":4},"end":{"line":108,"column":21}},"22":{"start":{"line":110,"column":16},"end":{"line":153,"column":3}},"23":{"start":{"line":111,"column":21},"end":{"line":151,"column":6}},"24":{"start":{"line":152,"column":4},"end":{"line":152,"column":20}},"25":{"start":{"line":155,"column":15},"end":{"line":162,"column":3}},"26":{"start":{"line":156,"column":4},"end":{"line":161,"column":7}}},"fnMap":{"0":{"name":"(anonymous_0)","decl":{"start":{"line":18,"column":2},"end":{"line":18,"column":17}},"loc":{"start":{"line":18,"column":2},"end":{"line":18,"column":18}}},"1":{"name":"(anonymous_1)","decl":{"start":{"line":20,"column":21},"end":{"line":20,"column":26}},"loc":{"start":{"line":20,"column":56},"end":{"line":30,"column":3}}},"2":{"name":"(anonymous_2)","decl":{"start":{"line":31,"column":15},"end":{"line":31,"column":20}},"loc":{"start":{"line":31,"column":50},"end":{"line":40,"column":3}}},"3":{"name":"(anonymous_3)","decl":{"start":{"line":41,"column":13},"end":{"line":41,"column":18}},"loc":{"start":{"line":41,"column":76},"end":{"line":77,"column":3}}},"4":{"name":"(anonymous_4)","decl":{"start":{"line":78,"column":10},"end":{"line":78,"column":15}},"loc":{"start":{"line":78,"column":62},"end":{"line":87,"column":3}}},"5":{"name":"(anonymous_5)","decl":{"start":{"line":88,"column":13},"end":{"line":88,"column":18}},"loc":{"start":{"line":88,"column":34},"end":{"line":95,"column":3}}},"6":{"name":"(anonymous_6)","decl":{"start":{"line":96,"column":19},"end":{"line":96,"column":24}},"loc":{"start":{"line":96,"column":46},"end":{"line":101,"column":3}}},"7":{"name":"(anonymous_7)","decl":{"start":{"line":102,"column":16},"end":{"line":102,"column":21}},"loc":{"start":{"line":102,"column":40},"end":{"line":109,"column":3}}},"8":{"name":"(anonymous_8)","decl":{"start":{"line":110,"column":16},"end":{"line":110,"column":21}},"loc":{"start":{"line":110,"column":45},"end":{"line":153,"column":3}}},"9":{"name":"(anonymous_9)","decl":{"start":{"line":155,"column":15},"end":{"line":155,"column":20}},"loc":{"start":{"line":155,"column":26},"end":{"line":162,"column":3}}}},"branchMap":{"0":{"loc":{"start":{"line":33,"column":6},"end":{"line":33,"column":75}},"type":"cond-expr","locations":[{"start":{"line":33,"column":34},"end":{"line":33,"column":53}},{"start":{"line":33,"column":56},"end":{"line":33,"column":75}}]},"1":{"loc":{"start":{"line":113,"column":15},"end":{"line":113,"column":32}},"type":"binary-expr","locations":[{"start":{"line":113,"column":15},"end":{"line":113,"column":26}},{"start":{"line":113,"column":30},"end":{"line":113,"column":32}}]},"2":{"loc":{"start":{"line":114,"column":18},"end":{"line":114,"column":38}},"type":"binary-expr","locations":[{"start":{"line":114,"column":18},"end":{"line":114,"column":32}},{"start":{"line":114,"column":36},"end":{"line":114,"column":38}}]},"3":{"loc":{"start":{"line":115,"column":14},"end":{"line":115,"column":30}},"type":"binary-expr","locations":[{"start":{"line":115,"column":14},"end":{"line":115,"column":24}},{"start":{"line":115,"column":28},"end":{"line":115,"column":30}}]},"4":{"loc":{"start":{"line":116,"column":18},"end":{"line":116,"column":38}},"type":"binary-expr","locations":[{"start":{"line":116,"column":18},"end":{"line":116,"column":32}},{"start":{"line":116,"column":36},"end":{"line":116,"column":38}}]},"5":{"loc":{"start":{"line":117,"column":17},"end":{"line":117,"column":36}},"type":"binary-expr","locations":[{"start":{"line":117,"column":17},"end":{"line":117,"column":30}},{"start":{"line":117,"column":34},"end":{"line":117,"column":36}}]},"6":{"loc":{"start":{"line":119,"column":16},"end":{"line":119,"column":34}},"type":"binary-expr","locations":[{"start":{"line":119,"column":16},"end":{"line":119,"column":28}},{"start":{"line":119,"column":32},"end":{"line":119,"column":34}}]}},"s":{"0":0,"1":0,"2":0,"3":0,"4":0,"5":0,"6":0,"7":0,"8":0,"9":0,"10":0,"11":0,"12":0,"13":0,"14":0,"15":0,"16":0,"17":0,"18":0,"19":0,"20":0,"21":0,"22":0,"23":0,"24":0,"25":0,"26":0},"f":{"0":0,"1":0,"2":0,"3":0,"4":0,"5":0,"6":0,"7":0,"8":0,"9":0},"b":{"0":[0,0],"1":[0,0],"2":[0,0],"3":[0,0],"4":[0,0],"5":[0,0],"6":[0,0]}}
,"/Users/juno/Documents/GitHub/nb04-liv-it-team01-back/src/features/user/admins/admins.service.ts": {"path":"/Users/juno/Documents/GitHub/nb04-liv-it-team01-back/src/features/user/admins/admins.service.ts","statementMap":{"0":{"start":{"line":13,"column":23},"end":{"line":13,"column":39}},"1":{"start":{"line":15,"column":18},"end":{"line":40,"column":3}},"2":{"start":{"line":16,"column":65},"end":{"line":16,"column":70}},"3":{"start":{"line":17,"column":28},"end":{"line":17,"column":62}},"4":{"start":{"line":18,"column":4},"end":{"line":22,"column":8}},"5":{"start":{"line":19,"column":6},"end":{"line":22,"column":8}},"6":{"start":{"line":23,"column":31},"end":{"line":23,"column":71}},"7":{"start":{"line":24,"column":4},"end":{"line":28,"column":8}},"8":{"start":{"line":25,"column":6},"end":{"line":28,"column":8}},"9":{"start":{"line":30,"column":27},"end":{"line":30,"column":58}},"10":{"start":{"line":31,"column":4},"end":{"line":38,"column":7}},"11":{"start":{"line":39,"column":4},"end":{"line":39,"column":12}},"12":{"start":{"line":41,"column":15},"end":{"line":96,"column":3}},"13":{"start":{"line":42,"column":4},"end":{"line":42,"column":60}},"14":{"start":{"line":43,"column":61},"end":{"line":43,"column":66}},"15":{"start":{"line":44,"column":17},"end":{"line":44,"column":47}},"16":{"start":{"line":46,"column":27},"end":{"line":55,"column":10}},"17":{"start":{"line":56,"column":19},"end":{"line":61,"column":6}},"18":{"start":{"line":62,"column":17},"end":{"line":86,"column":7}},"19":{"start":{"line":62,"column":36},"end":{"line":86,"column":6}},"20":{"start":{"line":87,"column":23},"end":{"line":87,"column":34}},"21":{"start":{"line":88,"column":20},"end":{"line":88,"column":57}},"22":{"start":{"line":89,"column":4},"end":{"line":95,"column":6}},"23":{"start":{"line":98,"column":17},"end":{"line":140,"column":3}},"24":{"start":{"line":103,"column":33},"end":{"line":103,"column":71}},"25":{"start":{"line":104,"column":40},"end":{"line":104,"column":50}},"26":{"start":{"line":105,"column":19},"end":{"line":105,"column":63}},"27":{"start":{"line":106,"column":17},"end":{"line":130,"column":7}},"28":{"start":{"line":106,"column":36},"end":{"line":130,"column":6}},"29":{"start":{"line":131,"column":23},"end":{"line":131,"column":34}},"30":{"start":{"line":132,"column":20},"end":{"line":132,"column":57}},"31":{"start":{"line":133,"column":4},"end":{"line":139,"column":6}},"32":{"start":{"line":142,"column":25},"end":{"line":144,"column":3}},"33":{"start":{"line":143,"column":4},"end":{"line":143,"column":40}}},"fnMap":{"0":{"name":"(anonymous_0)","decl":{"start":{"line":13,"column":2},"end":{"line":13,"column":23}},"loc":{"start":{"line":13,"column":39},"end":{"line":13,"column":43}}},"1":{"name":"(anonymous_1)","decl":{"start":{"line":15,"column":18},"end":{"line":15,"column":23}},"loc":{"start":{"line":15,"column":62},"end":{"line":40,"column":3}}},"2":{"name":"(anonymous_2)","decl":{"start":{"line":41,"column":15},"end":{"line":41,"column":20}},"loc":{"start":{"line":41,"column":77},"end":{"line":96,"column":3}}},"3":{"name":"(anonymous_3)","decl":{"start":{"line":62,"column":28},"end":{"line":62,"column":29}},"loc":{"start":{"line":62,"column":36},"end":{"line":86,"column":6}}},"4":{"name":"(anonymous_4)","decl":{"start":{"line":98,"column":17},"end":{"line":98,"column":22}},"loc":{"start":{"line":102,"column":41},"end":{"line":140,"column":3}}},"5":{"name":"(anonymous_5)","decl":{"start":{"line":106,"column":28},"end":{"line":106,"column":29}},"loc":{"start":{"line":106,"column":36},"end":{"line":130,"column":6}}},"6":{"name":"(anonymous_6)","decl":{"start":{"line":142,"column":25},"end":{"line":142,"column":30}},"loc":{"start":{"line":142,"column":51},"end":{"line":144,"column":3}}}},"branchMap":{"0":{"loc":{"start":{"line":18,"column":4},"end":{"line":22,"column":8}},"type":"if","locations":[{"start":{"line":18,"column":4},"end":{"line":22,"column":8}},{"start":{},"end":{}}]},"1":{"loc":{"start":{"line":24,"column":4},"end":{"line":28,"column":8}},"type":"if","locations":[{"start":{"line":24,"column":4},"end":{"line":28,"column":8}},{"start":{},"end":{}}]},"2":{"loc":{"start":{"line":46,"column":27},"end":{"line":55,"column":10}},"type":"cond-expr","locations":[{"start":{"line":47,"column":8},"end":{"line":54,"column":null}},{"start":{"line":55,"column":8},"end":{"line":55,"column":10}}]},"3":{"loc":{"start":{"line":70,"column":15},"end":{"line":85,"column":14}},"type":"cond-expr","locations":[{"start":{"line":71,"column":10},"end":{"line":84,"column":null}},{"start":{"line":85,"column":10},"end":{"line":85,"column":14}}]},"4":{"loc":{"start":{"line":114,"column":15},"end":{"line":129,"column":14}},"type":"cond-expr","locations":[{"start":{"line":115,"column":10},"end":{"line":128,"column":null}},{"start":{"line":129,"column":10},"end":{"line":129,"column":14}}]}},"s":{"0":3,"1":3,"2":3,"3":3,"4":3,"5":1,"6":2,"7":2,"8":1,"9":1,"10":1,"11":1,"12":3,"13":0,"14":0,"15":0,"16":0,"17":0,"18":0,"19":0,"20":0,"21":0,"22":0,"23":3,"24":0,"25":0,"26":0,"27":0,"28":0,"29":0,"30":0,"31":0,"32":3,"33":0},"f":{"0":3,"1":3,"2":0,"3":0,"4":0,"5":0,"6":0},"b":{"0":[1,2],"1":[1,1],"2":[0,0],"3":[0,0],"4":[0,0]}}
,"/Users/juno/Documents/GitHub/nb04-liv-it-team01-back/src/features/user/admins/id/admin-id.repo.ts": {"path":"/Users/juno/Documents/GitHub/nb04-liv-it-team01-back/src/features/user/admins/id/admin-id.repo.ts","statementMap":{"0":{"start":{"line":5,"column":25},"end":{"line":16,"column":1}},"1":{"start":{"line":6,"column":2},"end":{"line":15,"column":3}},"2":{"start":{"line":8,"column":6},"end":{"line":8,"column":27}},"3":{"start":{"line":10,"column":6},"end":{"line":10,"column":30}},"4":{"start":{"line":12,"column":6},"end":{"line":12,"column":33}},"5":{"start":{"line":14,"column":6},"end":{"line":14,"column":32}},"6":{"start":{"line":19,"column":12},"end":{"line":25,"column":3}},"7":{"start":{"line":20,"column":18},"end":{"line":20,"column":48}},"8":{"start":{"line":21,"column":4},"end":{"line":21,"column":null}},"9":{"start":{"line":22,"column":19},"end":{"line":22,"column":58}},"10":{"start":{"line":23,"column":5},"end":{"line":23,"column":null}},"11":{"start":{"line":24,"column":4},"end":{"line":24,"column":18}},"12":{"start":{"line":26,"column":19},"end":{"line":50,"column":3}},"13":{"start":{"line":27,"column":17},"end":{"line":27,"column":45}},"14":{"start":{"line":28,"column":4},"end":{"line":28,"column":49}},"15":{"start":{"line":28,"column":15},"end":{"line":28,"column":49}},"16":{"start":{"line":29,"column":22},"end":{"line":33,"column":6}},"17":{"start":{"line":34,"column":4},"end":{"line":41,"column":5}},"18":{"start":{"line":35,"column":6},"end":{"line":40,"column":8}},"19":{"start":{"line":36,"column":42},"end":{"line":39,"column":10}},"20":{"start":{"line":42,"column":19},"end":{"line":48,"column":6}},"21":{"start":{"line":49,"column":4},"end":{"line":49,"column":18}},"22":{"start":{"line":52,"column":17},"end":{"line":67,"column":3}},"23":{"start":{"line":53,"column":17},"end":{"line":53,"column":45}},"24":{"start":{"line":54,"column":21},"end":{"line":54,"column":72}},"25":{"start":{"line":55,"column":4},"end":{"line":55,"column":43}},"26":{"start":{"line":55,"column":15},"end":{"line":55,"column":43}},"27":{"start":{"line":56,"column":19},"end":{"line":64,"column":6}},"28":{"start":{"line":66,"column":4},"end":{"line":66,"column":18}},"29":{"start":{"line":68,"column":11},"end":{"line":74,"column":3}},"30":{"start":{"line":69,"column":18},"end":{"line":69,"column":48}},"31":{"start":{"line":70,"column":4},"end":{"line":72,"column":7}},"32":{"start":{"line":73,"column":4},"end":{"line":73,"column":11}}},"fnMap":{"0":{"name":"(anonymous_0)","decl":{"start":{"line":5,"column":25},"end":{"line":5,"column":26}},"loc":{"start":{"line":5,"column":65},"end":{"line":16,"column":1}}},"1":{"name":"(anonymous_1)","decl":{"start":{"line":18,"column":2},"end":{"line":18,"column":17}},"loc":{"start":{"line":18,"column":2},"end":{"line":18,"column":18}}},"2":{"name":"(anonymous_2)","decl":{"start":{"line":19,"column":12},"end":{"line":19,"column":17}},"loc":{"start":{"line":19,"column":58},"end":{"line":25,"column":3}}},"3":{"name":"(anonymous_3)","decl":{"start":{"line":26,"column":19},"end":{"line":26,"column":24}},"loc":{"start":{"line":26,"column":66},"end":{"line":50,"column":3}}},"4":{"name":"(anonymous_4)","decl":{"start":{"line":36,"column":34},"end":{"line":36,"column":37}},"loc":{"start":{"line":36,"column":42},"end":{"line":39,"column":10}}},"5":{"name":"(anonymous_5)","decl":{"start":{"line":52,"column":17},"end":{"line":52,"column":22}},"loc":{"start":{"line":52,"column":64},"end":{"line":67,"column":3}}},"6":{"name":"(anonymous_6)","decl":{"start":{"line":68,"column":11},"end":{"line":68,"column":16}},"loc":{"start":{"line":68,"column":57},"end":{"line":74,"column":3}}}},"branchMap":{"0":{"loc":{"start":{"line":6,"column":2},"end":{"line":15,"column":3}},"type":"switch","locations":[{"start":{"line":7,"column":4},"end":{"line":8,"column":27}},{"start":{"line":9,"column":4},"end":{"line":10,"column":30}},{"start":{"line":11,"column":4},"end":{"line":12,"column":33}},{"start":{"line":13,"column":4},"end":{"line":14,"column":32}}]},"1":{"loc":{"start":{"line":28,"column":4},"end":{"line":28,"column":49}},"type":"if","locations":[{"start":{"line":28,"column":4},"end":{"line":28,"column":49}},{"start":{},"end":{}}]},"2":{"loc":{"start":{"line":30,"column":16},"end":{"line":30,"column":47}},"type":"binary-expr","locations":[{"start":{"line":30,"column":16},"end":{"line":30,"column":30}},{"start":{"line":30,"column":34},"end":{"line":30,"column":47}}]},"3":{"loc":{"start":{"line":31,"column":13},"end":{"line":31,"column":38}},"type":"binary-expr","locations":[{"start":{"line":31,"column":13},"end":{"line":31,"column":24}},{"start":{"line":31,"column":28},"end":{"line":31,"column":38}}]},"4":{"loc":{"start":{"line":32,"column":15},"end":{"line":32,"column":44}},"type":"binary-expr","locations":[{"start":{"line":32,"column":15},"end":{"line":32,"column":28}},{"start":{"line":32,"column":32},"end":{"line":32,"column":44}}]},"5":{"loc":{"start":{"line":34,"column":4},"end":{"line":41,"column":5}},"type":"if","locations":[{"start":{"line":34,"column":4},"end":{"line":41,"column":5}},{"start":{},"end":{}}]},"6":{"loc":{"start":{"line":34,"column":8},"end":{"line":34,"column":61}},"type":"binary-expr","locations":[{"start":{"line":34,"column":8},"end":{"line":34,"column":30}},{"start":{"line":34,"column":34},"end":{"line":34,"column":61}}]},"7":{"loc":{"start":{"line":54,"column":21},"end":{"line":54,"column":72}},"type":"cond-expr","locations":[{"start":{"line":54,"column":49},"end":{"line":54,"column":59}},{"start":{"line":54,"column":62},"end":{"line":54,"column":72}}]},"8":{"loc":{"start":{"line":55,"column":4},"end":{"line":55,"column":43}},"type":"if","locations":[{"start":{"line":55,"column":4},"end":{"line":55,"column":43}},{"start":{},"end":{}}]}},"s":{"0":1,"1":0,"2":0,"3":0,"4":0,"5":0,"6":1,"7":0,"8":0,"9":0,"10":0,"11":0,"12":1,"13":0,"14":0,"15":0,"16":0,"17":0,"18":0,"19":0,"20":0,"21":0,"22":1,"23":0,"24":0,"25":0,"26":0,"27":0,"28":0,"29":1,"30":0,"31":0,"32":0},"f":{"0":0,"1":1,"2":0,"3":0,"4":0,"5":0,"6":0},"b":{"0":[0,0,0,0],"1":[0,0],"2":[0,0],"3":[0,0],"4":[0,0],"5":[0,0],"6":[0,0],"7":[0,0],"8":[0,0]}}
,"/Users/juno/Documents/GitHub/nb04-liv-it-team01-back/src/features/user/admins/id/admin-id.service.ts": {"path":"/Users/juno/Documents/GitHub/nb04-liv-it-team01-back/src/features/user/admins/id/admin-id.service.ts","statementMap":{"0":{"start":{"line":14,"column":13},"end":{"line":14,"column":29}},"1":{"start":{"line":16,"column":23},"end":{"line":16,"column":39}},"2":{"start":{"line":17,"column":19},"end":{"line":51,"column":3}},"3":{"start":{"line":21,"column":58},"end":{"line":21,"column":63}},"4":{"start":{"line":22,"column":4},"end":{"line":22,"column":null}},"5":{"start":{"line":23,"column":25},"end":{"line":23,"column":58}},"6":{"start":{"line":24,"column":4},"end":{"line":24,"column":null}},"7":{"start":{"line":25,"column":4},"end":{"line":25,"column":60}},"8":{"start":{"line":25,"column":23},"end":{"line":25,"column":60}},"9":{"start":{"line":26,"column":26},"end":{"line":26,"column":58}},"10":{"start":{"line":27,"column":0},"end":{"line":27,"column":null}},"11":{"start":{"line":28,"column":3},"end":{"line":39,"column":1}},"12":{"start":{"line":29,"column":2},"end":{"line":37,"column":3}},"13":{"start":{"line":31,"column":4},"end":{"line":31,"column":29}},"14":{"start":{"line":34,"column":4},"end":{"line":34,"column":64}},"15":{"start":{"line":34,"column":25},"end":{"line":34,"column":64}},"16":{"start":{"line":35,"column":24},"end":{"line":35,"column":53}},"17":{"start":{"line":36,"column":4},"end":{"line":36,"column":34}},"18":{"start":{"line":38,"column":2},"end":{"line":38,"column":null}},"19":{"start":{"line":41,"column":24},"end":{"line":48,"column":6}},"20":{"start":{"line":49,"column":18},"end":{"line":49,"column":65}},"21":{"start":{"line":50,"column":4},"end":{"line":50,"column":17}},"22":{"start":{"line":53,"column":17},"end":{"line":59,"column":3}},"23":{"start":{"line":57,"column":18},"end":{"line":57,"column":62}},"24":{"start":{"line":58,"column":4},"end":{"line":58,"column":17}},"25":{"start":{"line":60,"column":16},"end":{"line":63,"column":3}},"26":{"start":{"line":61,"column":4},"end":{"line":61,"column":37}},"27":{"start":{"line":62,"column":4},"end":{"line":62,"column":11}}},"fnMap":{"0":{"name":"(anonymous_0)","decl":{"start":{"line":16,"column":2},"end":{"line":16,"column":23}},"loc":{"start":{"line":16,"column":39},"end":{"line":16,"column":43}}},"1":{"name":"(anonymous_1)","decl":{"start":{"line":17,"column":19},"end":{"line":17,"column":24}},"loc":{"start":{"line":20,"column":42},"end":{"line":51,"column":3}}},"2":{"name":"(anonymous_2)","decl":{"start":{"line":53,"column":17},"end":{"line":53,"column":22}},"loc":{"start":{"line":56,"column":40},"end":{"line":59,"column":3}}},"3":{"name":"(anonymous_3)","decl":{"start":{"line":60,"column":16},"end":{"line":60,"column":21}},"loc":{"start":{"line":60,"column":52},"end":{"line":63,"column":3}}}},"branchMap":{"0":{"loc":{"start":{"line":25,"column":4},"end":{"line":25,"column":60}},"type":"if","locations":[{"start":{"line":25,"column":4},"end":{"line":25,"column":60}},{"start":{},"end":{}}]},"1":{"loc":{"start":{"line":26,"column":26},"end":{"line":26,"column":58}},"type":"binary-expr","locations":[{"start":{"line":26,"column":26},"end":{"line":26,"column":45}},{"start":{"line":26,"column":49},"end":{"line":26,"column":58}}]},"2":{"loc":{"start":{"line":28,"column":3},"end":{"line":39,"column":1}},"type":"if","locations":[{"start":{"line":28,"column":3},"end":{"line":39,"column":1}},{"start":{},"end":{}}]},"3":{"loc":{"start":{"line":29,"column":2},"end":{"line":37,"column":3}},"type":"if","locations":[{"start":{"line":29,"column":2},"end":{"line":37,"column":3}},{"start":{"line":32,"column":9},"end":{"line":37,"column":3}}]},"4":{"loc":{"start":{"line":34,"column":4},"end":{"line":34,"column":64}},"type":"if","locations":[{"start":{"line":34,"column":4},"end":{"line":34,"column":64}},{"start":{},"end":{}}]},"5":{"loc":{"start":{"line":44,"column":10},"end":{"line":44,"column":70}},"type":"binary-expr","locations":[{"start":{"line":44,"column":10},"end":{"line":44,"column":38}},{"start":{"line":44,"column":42},"end":{"line":44,"column":70}}]},"6":{"loc":{"start":{"line":45,"column":10},"end":{"line":45,"column":61}},"type":"binary-expr","locations":[{"start":{"line":45,"column":10},"end":{"line":45,"column":35}},{"start":{"line":45,"column":39},"end":{"line":45,"column":61}}]},"7":{"loc":{"start":{"line":46,"column":10},"end":{"line":46,"column":67}},"type":"binary-expr","locations":[{"start":{"line":46,"column":10},"end":{"line":46,"column":37}},{"start":{"line":46,"column":41},"end":{"line":46,"column":67}}]},"8":{"loc":{"start":{"line":47,"column":10},"end":{"line":47,"column":66}},"type":"binary-expr","locations":[{"start":{"line":47,"column":10},"end":{"line":47,"column":35}},{"start":{"line":47,"column":39},"end":{"line":47,"column":66}}]}},"s":{"0":1,"1":2,"2":2,"3":2,"4":2,"5":2,"6":2,"7":2,"8":1,"9":1,"10":1,"11":1,"12":0,"13":0,"14":0,"15":0,"16":0,"17":0,"18":0,"19":1,"20":1,"21":1,"22":2,"23":0,"24":0,"25":2,"26":0,"27":0},"f":{"0":2,"1":2,"2":0,"3":0},"b":{"0":[1,1],"1":[1,1],"2":[0,1],"3":[0,0],"4":[0,0],"5":[1,1],"6":[1,1],"7":[1,0],"8":[1,1]}}
,"/Users/juno/Documents/GitHub/nb04-liv-it-team01-back/src/lib/constants.ts": {"path":"/Users/juno/Documents/GitHub/nb04-liv-it-team01-back/src/lib/constants.ts","statementMap":{"0":{"start":{"line":3,"column":0},"end":{"line":3,"column":16}},"1":{"start":{"line":5,"column":17},"end":{"line":5,"column":37}},"2":{"start":{"line":6,"column":13},"end":{"line":6,"column":37}},"3":{"start":{"line":8,"column":2},"end":{"line":8,"column":67}},"4":{"start":{"line":10,"column":2},"end":{"line":10,"column":69}},"5":{"start":{"line":11,"column":33},"end":{"line":11,"column":46}},"6":{"start":{"line":12,"column":34},"end":{"line":12,"column":48}}},"fnMap":{},"branchMap":{"0":{"loc":{"start":{"line":6,"column":13},"end":{"line":6,"column":37}},"type":"binary-expr","locations":[{"start":{"line":6,"column":13},"end":{"line":6,"column":29}},{"start":{"line":6,"column":33},"end":{"line":6,"column":37}}]},"1":{"loc":{"start":{"line":8,"column":2},"end":{"line":8,"column":67}},"type":"binary-expr","locations":[{"start":{"line":8,"column":2},"end":{"line":8,"column":37}},{"start":{"line":8,"column":41},"end":{"line":8,"column":67}}]},"2":{"loc":{"start":{"line":10,"column":2},"end":{"line":10,"column":69}},"type":"binary-expr","locations":[{"start":{"line":10,"column":2},"end":{"line":10,"column":38}},{"start":{"line":10,"column":42},"end":{"line":10,"column":69}}]}},"s":{"0":1,"1":1,"2":1,"3":1,"4":1,"5":1,"6":1},"f":{},"b":{"0":[1,0],"1":[1,1],"2":[1,1]}}
,"/Users/juno/Documents/GitHub/nb04-liv-it-team01-back/src/lib/prisma.ts": {"path":"/Users/juno/Documents/GitHub/nb04-liv-it-team01-back/src/lib/prisma.ts","statementMap":{"0":{"start":{"line":6,"column":25},"end":{"line":6,"column":54}},"1":{"start":{"line":8,"column":16},"end":{"line":8,"column":50}},"2":{"start":{"line":9,"column":15},"end":{"line":9,"column":44}}},"fnMap":{},"branchMap":{},"s":{"0":1,"1":1,"2":1},"f":{},"b":{}}
,"/Users/juno/Documents/GitHub/nb04-liv-it-team01-back/src/lib/middleware/S3.Client.ts": {"path":"/Users/juno/Documents/GitHub/nb04-liv-it-team01-back/src/lib/middleware/S3.Client.ts","statementMap":{"0":{"start":{"line":7,"column":24},"end":{"line":13,"column":2}},"1":{"start":{"line":16,"column":2},"end":{"line":33,"column":3}},"2":{"start":{"line":17,"column":21},"end":{"line":17,"column":63}},"3":{"start":{"line":19,"column":16},"end":{"line":19,"column":59}},"4":{"start":{"line":21,"column":20},"end":{"line":25,"column":6}},"5":{"start":{"line":26,"column":4},"end":{"line":26,"column":33}},"6":{"start":{"line":28,"column":21},"end":{"line":28,"column":88}},"7":{"start":{"line":29,"column":4},"end":{"line":29,"column":null}},"8":{"start":{"line":31,"column":4},"end":{"line":31,"column":23}},"9":{"start":{"line":32,"column":4},"end":{"line":32,"column":null}},"10":{"start":{"line":36,"column":2},"end":{"line":48,"column":3}},"11":{"start":{"line":37,"column":21},"end":{"line":37,"column":63}},"12":{"start":{"line":40,"column":20},"end":{"line":43,"column":6}},"13":{"start":{"line":44,"column":4},"end":{"line":44,"column":null}},"14":{"start":{"line":45,"column":4},"end":{"line":45,"column":12}},"15":{"start":{"line":47,"column":4},"end":{"line":47,"column":23}}},"fnMap":{"0":{"name":"uploadImageToS3","decl":{"start":{"line":15,"column":22},"end":{"line":15,"column":37}},"loc":{"start":{"line":15,"column":64},"end":{"line":34,"column":1}}},"1":{"name":"deleteImageToS3","decl":{"start":{"line":35,"column":22},"end":{"line":35,"column":37}},"loc":{"start":{"line":35,"column":48},"end":{"line":49,"column":1}}}},"branchMap":{"0":{"loc":{"start":{"line":8,"column":10},"end":{"line":8,"column":47}},"type":"binary-expr","locations":[{"start":{"line":8,"column":10},"end":{"line":8,"column":32}},{"start":{"line":8,"column":36},"end":{"line":8,"column":47}}]},"1":{"loc":{"start":{"line":22,"column":14},"end":{"line":22,"column":60}},"type":"binary-expr","locations":[{"start":{"line":22,"column":14},"end":{"line":22,"column":44}},{"start":{"line":22,"column":48},"end":{"line":22,"column":60}}]},"2":{"loc":{"start":{"line":41,"column":14},"end":{"line":41,"column":58}},"type":"binary-expr","locations":[{"start":{"line":41,"column":14},"end":{"line":41,"column":44}},{"start":{"line":41,"column":46},"end":{"line":41,"column":58}}]}},"s":{"0":1,"1":0,"2":0,"3":0,"4":0,"5":0,"6":0,"7":0,"8":0,"9":0,"10":0,"11":0,"12":0,"13":0,"14":0,"15":0},"f":{"0":0,"1":0},"b":{"0":[1,1],"1":[0,0],"2":[0,0]}}
,"/Users/juno/Documents/GitHub/nb04-liv-it-team01-back/src/lib/middleware/error.middleware/httpError.ts": {"path":"/Users/juno/Documents/GitHub/nb04-liv-it-team01-back/src/lib/middleware/error.middleware/httpError.ts","statementMap":{"0":{"start":{"line":6,"column":6},"end":{"line":6,"column":21}},"1":{"start":{"line":7,"column":6},"end":{"line":7,"column":27}},"2":{"start":{"line":8,"column":6},"end":{"line":8,"column":29}}},"fnMap":{"0":{"name":"(anonymous_0)","decl":{"start":{"line":4,"column":2},"end":{"line":4,"column":14}},"loc":{"start":{"line":4,"column":45},"end":{"line":10,"column":3}}}},"branchMap":{},"s":{"0":3,"1":3,"2":3},"f":{"0":3},"b":{}}
,"/Users/juno/Documents/GitHub/nb04-liv-it-team01-back/src/lib/passport/jwt-strategy.ts": {"path":"/Users/juno/Documents/GitHub/nb04-liv-it-team01-back/src/lib/passport/jwt-strategy.ts","statementMap":{"0":{"start":{"line":17,"column":44},"end":{"line":20,"column":null}},"1":{"start":{"line":18,"column":27},"end":{"line":18,"column":64}},"2":{"start":{"line":21,"column":45},"end":{"line":24,"column":2}},"3":{"start":{"line":22,"column":27},"end":{"line":22,"column":65}},"4":{"start":{"line":26,"column":0},"end":{"line":26,"column":null}},"5":{"start":{"line":28,"column":15},"end":{"line":30,"column":4}},"6":{"start":{"line":31,"column":2},"end":{"line":33,"column":1}},"7":{"start":{"line":32,"column":2},"end":{"line":32,"column":27}},"8":{"start":{"line":34,"column":1},"end":{"line":34,"column":25}},"9":{"start":{"line":37,"column":35},"end":{"line":39,"column":null}},"10":{"start":{"line":42,"column":36},"end":{"line":44,"column":null}}},"fnMap":{"0":{"name":"(anonymous_0)","decl":{"start":{"line":18,"column":18},"end":{"line":18,"column":19}},"loc":{"start":{"line":18,"column":27},"end":{"line":18,"column":64}}},"1":{"name":"(anonymous_1)","decl":{"start":{"line":22,"column":18},"end":{"line":22,"column":19}},"loc":{"start":{"line":22,"column":27},"end":{"line":22,"column":65}}},"2":{"name":"jwtVerify","decl":{"start":{"line":27,"column":15},"end":{"line":27,"column":24}},"loc":{"start":{"line":27,"column":68},"end":{"line":35,"column":1}}}},"branchMap":{"0":{"loc":{"start":{"line":31,"column":2},"end":{"line":33,"column":1}},"type":"if","locations":[{"start":{"line":31,"column":2},"end":{"line":33,"column":1}},{"start":{},"end":{}}]}},"s":{"0":1,"1":0,"2":1,"3":0,"4":1,"5":0,"6":0,"7":0,"8":0,"9":1,"10":1},"f":{"0":0,"1":0,"2":0},"b":{"0":[0,0]}}
,"/Users/juno/Documents/GitHub/nb04-liv-it-team01-back/src/test/users/admin/admins.data.ts": {"path":"/Users/juno/Documents/GitHub/nb04-liv-it-team01-back/src/test/users/admin/admins.data.ts","statementMap":{"0":{"start":{"line":4,"column":26},"end":{"line":14,"column":2}},"1":{"start":{"line":16,"column":22},"end":{"line":84,"column":2}},"2":{"start":{"line":86,"column":24},"end":{"line":90,"column":2}}},"fnMap":{},"branchMap":{},"s":{"0":1,"1":1,"2":1},"f":{},"b":{}}
}
