TN:
SF:prisma/generated/client.ts
FNF:0
FNH:0
DA:16,1
DA:38,1
LF:2
LH:2
BRF:0
BRH:0
end_of_record
TN:
SF:prisma/generated/enums.ts
FNF:0
FNH:0
DA:12,1
DA:21,1
LF:2
LH:2
BRF:0
BRH:0
end_of_record
TN:
SF:prisma/generated/internal/class.ts
FN:33,decodeBase64AsWasm
FN:40,(anonymous_1)
FN:42,(anonymous_2)
FN:208,getPrismaClientClass
FNF:4
FNH:1
FNDA:0,decodeBase64AsWasm
FNDA:0,(anonymous_1)
FNDA:0,(anonymous_2)
FNDA:1,getPrismaClientClass
DA:18,1
DA:31,1
DA:34,0
DA:35,0
DA:36,0
DA:39,1
DA:40,0
DA:43,0
DA:44,0
DA:209,1
LF:10
LH:4
BRF:0
BRH:0
end_of_record
TN:
SF:prisma/generated/internal/prismaNamespace.ts
FNF:0
FNH:0
DA:32,1
DA:35,1
DA:38,1
DA:41,1
DA:44,1
DA:50,1
DA:51,1
DA:52,1
DA:53,1
DA:54,1
DA:62,1
DA:71,1
DA:86,1
DA:104,1
DA:114,1
DA:121,1
DA:128,1
DA:386,1
DA:660,1
DA:670,1
DA:688,1
DA:708,1
DA:723,1
DA:731,1
DA:739,1
DA:850,1
LF:26
LH:26
BRF:0
BRH:0
end_of_record
TN:
SF:src/features/user/admins/admins.repository.ts
FN:18,(anonymous_0)
FN:20,(anonymous_1)
FN:31,(anonymous_2)
FN:41,(anonymous_3)
FN:78,(anonymous_4)
FN:88,(anonymous_5)
FN:96,(anonymous_6)
FN:102,(anonymous_7)
FN:110,(anonymous_8)
FN:155,(anonymous_9)
FNF:10
FNH:0
FNDA:0,(anonymous_0)
FNDA:0,(anonymous_1)
FNDA:0,(anonymous_2)
FNDA:0,(anonymous_3)
FNDA:0,(anonymous_4)
FNDA:0,(anonymous_5)
FNDA:0,(anonymous_6)
FNDA:0,(anonymous_7)
FNDA:0,(anonymous_8)
FNDA:0,(anonymous_9)
DA:20,0
DA:21,0
DA:29,0
DA:31,0
DA:33,0
DA:35,0
DA:39,0
DA:41,0
DA:42,0
DA:76,0
DA:78,0
DA:79,0
DA:86,0
DA:88,0
DA:89,0
DA:94,0
DA:96,0
DA:97,0
DA:100,0
DA:102,0
DA:103,0
DA:108,0
DA:110,0
DA:111,0
DA:152,0
DA:155,0
DA:156,0
LF:27
LH:0
BRDA:33,0,0,0
BRDA:33,0,1,0
BRDA:113,1,0,0
BRDA:113,1,1,0
BRDA:114,2,0,0
BRDA:114,2,1,0
BRDA:115,3,0,0
BRDA:115,3,1,0
BRDA:116,4,0,0
BRDA:116,4,1,0
BRDA:117,5,0,0
BRDA:117,5,1,0
BRDA:119,6,0,0
BRDA:119,6,1,0
BRF:14
BRH:0
end_of_record
TN:
SF:src/features/user/admins/admins.service.ts
FN:13,(anonymous_0)
FN:15,(anonymous_1)
FN:41,(anonymous_2)
FN:63,(anonymous_3)
FN:99,(anonymous_4)
FN:107,(anonymous_5)
FN:143,(anonymous_6)
FNF:7
FNH:2
FNDA:4,(anonymous_0)
FNDA:3,(anonymous_1)
FNDA:0,(anonymous_2)
FNDA:0,(anonymous_3)
FNDA:0,(anonymous_4)
FNDA:0,(anonymous_5)
FNDA:0,(anonymous_6)
DA:13,4
DA:15,4
DA:16,3
DA:17,3
DA:18,3
DA:19,1
DA:23,2
DA:24,2
DA:25,1
DA:30,1
DA:31,1
DA:39,1
DA:41,4
DA:42,0
DA:43,0
DA:44,0
DA:45,0
DA:47,0
DA:57,0
DA:63,0
DA:88,0
DA:89,0
DA:90,0
DA:99,4
DA:104,0
DA:105,0
DA:106,0
DA:107,0
DA:132,0
DA:133,0
DA:134,0
DA:143,4
DA:144,0
LF:33
LH:15
BRDA:18,0,0,1
BRDA:18,0,1,2
BRDA:24,1,0,1
BRDA:24,1,1,1
BRDA:47,2,0,0
BRDA:47,2,1,0
BRDA:71,3,0,0
BRDA:71,3,1,0
BRDA:115,4,0,0
BRDA:115,4,1,0
BRF:10
BRH:4
end_of_record
TN:
SF:src/lib/constants.ts
FNF:0
FNH:0
DA:3,1
DA:5,1
DA:6,1
DA:8,1
DA:10,1
DA:11,1
DA:12,1
LF:7
LH:7
BRDA:6,0,0,1
BRDA:6,0,1,0
BRDA:8,1,0,1
BRDA:8,1,1,1
BRDA:10,2,0,1
BRDA:10,2,1,1
BRF:6
BRH:5
end_of_record
TN:
SF:src/lib/prisma.ts
FNF:0
FNH:0
DA:6,1
DA:8,1
DA:9,1
LF:3
LH:3
BRF:0
BRH:0
end_of_record
TN:
SF:src/lib/middleware/error.middleware/httpError.ts
FN:4,(anonymous_0)
FNF:1
FNH:1
FNDA:2,(anonymous_0)
DA:6,2
DA:7,2
DA:8,2
LF:3
LH:3
BRF:0
BRH:0
end_of_record
TN:
SF:src/lib/passport/jwt-strategy.ts
FN:18,(anonymous_0)
FN:22,(anonymous_1)
FN:27,jwtVerify
FNF:3
FNH:0
FNDA:0,(anonymous_0)
FNDA:0,(anonymous_1)
FNDA:0,jwtVerify
DA:17,1
DA:18,0
DA:21,1
DA:22,0
DA:26,1
DA:28,0
DA:31,0
DA:32,0
DA:34,0
DA:37,1
DA:42,1
LF:11
LH:5
BRDA:31,0,0,0
BRDA:31,0,1,0
BRF:2
BRH:0
end_of_record
TN:
SF:src/test/admins/admins.data.ts
FNF:0
FNH:0
DA:4,1
DA:16,1
LF:2
LH:2
BRF:0
BRH:0
end_of_record
